<?xml version="1.0" encoding="UTF-8"?>
<!-- Generated by org.testng.reporters.JUnitReportReporter -->
<testsuite hostname="DESKTOP-0TIV48S" failures="0" tests="5" name="August16.Cross" time="49.919" errors="0" timestamp="2023-08-18T12:59:34 IST" skipped="0">
  <testcase classname="August16.Cross" name="verify_login" time="19.939">
    <system-out>
      <![CDATA[Login fail::dashboard  http://orangehrm.qedgetech.com/symfony/web/index.php/auth/login]]>
    </system-out>
  </testcase> <!-- verify_login -->
  <testcase classname="August16.Cross" name="verify_login" time="2.591">
    <system-out>
      <![CDATA[Login success::dashboard  http://orangehrm.qedgetech.com/symfony/web/index.php/dashboard]]>
    </system-out>
  </testcase> <!-- verify_login -->
  <testcase classname="August16.Cross" name="verify_login" time="21.235">
    <system-out>
      <![CDATA[Login success::dashboard  http://orangehrm.qedgetech.com/symfony/web/index.php/dashboard]]>
    </system-out>
  </testcase> <!-- verify_login -->
  <testcase classname="August16.Cross" name="verify_login" time="3.746">
    <system-out>
      <![CDATA[Login fail::dashboard  http://orangehrm.qedgetech.com/symfony/web/index.php/auth/validateCredentials]]>
    </system-out>
  </testcase> <!-- verify_login -->
  <testcase classname="August16.Cross" name="verify_login" time="2.408">
    <system-out>
      <![CDATA[Login success::dashboard  http://orangehrm.qedgetech.com/symfony/web/index.php/dashboard]]>
    </system-out>
  </testcase> <!-- verify_login -->
  <system-out>
    <![CDATA[Login fail::dashboard  http://orangehrm.qedgetech.com/symfony/web/index.php/auth/login
Login success::dashboard  http://orangehrm.qedgetech.com/symfony/web/index.php/dashboard
Login fail::dashboard  http://orangehrm.qedgetech.com/symfony/web/index.php/auth/validateCredentials
Login success::dashboard  http://orangehrm.qedgetech.com/symfony/web/index.php/dashboard
Login success::dashboard  http://orangehrm.qedgetech.com/symfony/web/index.php/dashboard]]>
  </system-out>
</testsuite> <!-- August16.Cross -->
