<?xml version="1.0" encoding="UTF-8"?>
<!-- Generated by org.testng.reporters.JUnitReportReporter -->
<testsuite hostname="DESKTOP-0TIV48S" failures="0" tests="5" name="August16.NewTest" time="23.982" errors="0" timestamp="2023-08-17T16:36:25 IST" skipped="0">
  <testcase classname="August16.NewTest" name="verify_login" time="2.769">
    <system-out>
      <![CDATA[Login success::dashboard  http://orangehrm.qedgetech.com/symfony/web/index.php/dashboard
Login fail::dashboard  http://orangehrm.qedgetech.com/symfony/web/index.php/dashboard]]>
    </system-out>
  </testcase> <!-- verify_login -->
  <testcase classname="August16.NewTest" name="verify_login" time="3.189">
    <system-out>
      <![CDATA[Login success::dashboard  http://orangehrm.qedgetech.com/symfony/web/index.php/dashboard
Login fail::dashboard  http://orangehrm.qedgetech.com/symfony/web/index.php/dashboard]]>
    </system-out>
  </testcase> <!-- verify_login -->
  <testcase classname="August16.NewTest" name="verify_login" time="1.925">
    <system-out>
      <![CDATA[Login fail::dashboard  http://orangehrm.qedgetech.com/symfony/web/index.php/auth/validateCredentials]]>
    </system-out>
  </testcase> <!-- verify_login -->
  <testcase classname="August16.NewTest" name="verify_login" time="3.635">
    <system-out>
      <![CDATA[Login success::dashboard  http://orangehrm.qedgetech.com/symfony/web/index.php/dashboard
Login fail::dashboard  http://orangehrm.qedgetech.com/symfony/web/index.php/dashboard]]>
    </system-out>
  </testcase> <!-- verify_login -->
  <testcase classname="August16.NewTest" name="verify_login" time="12.464">
    <system-out>
      <![CDATA[Login success::dashboard  http://orangehrm.qedgetech.com/symfony/web/index.php/dashboard
Login fail::dashboard  http://orangehrm.qedgetech.com/symfony/web/index.php/dashboard]]>
    </system-out>
  </testcase> <!-- verify_login -->
  <system-out>
    <![CDATA[Login success::dashboard  http://orangehrm.qedgetech.com/symfony/web/index.php/dashboard
Login fail::dashboard  http://orangehrm.qedgetech.com/symfony/web/index.php/dashboard
Login success::dashboard  http://orangehrm.qedgetech.com/symfony/web/index.php/dashboard
Login fail::dashboard  http://orangehrm.qedgetech.com/symfony/web/index.php/dashboard
Login fail::dashboard  http://orangehrm.qedgetech.com/symfony/web/index.php/auth/validateCredentials
Login success::dashboard  http://orangehrm.qedgetech.com/symfony/web/index.php/dashboard
Login fail::dashboard  http://orangehrm.qedgetech.com/symfony/web/index.php/dashboard
Login success::dashboard  http://orangehrm.qedgetech.com/symfony/web/index.php/dashboard
Login fail::dashboard  http://orangehrm.qedgetech.com/symfony/web/index.php/dashboard]]>
  </system-out>
</testsuite> <!-- August16.NewTest -->
