<?xml version="1.0" encoding="UTF-8"?>
<!-- Generated by org.testng.reporters.JUnitReportReporter -->
<testsuite hostname="DESKTOP-0TIV48S" failures="0" tests="1" name="August17.Gentleman" time="25.826" errors="0" timestamp="2023-08-17T11:37:37 IST" skipped="0">
  <testcase classname="August17.Gentleman" name="checktitle" time="25.826"/>
</testsuite> <!-- August17.Gentleman -->
