<?xml version="1.0" encoding="UTF-8"?>
<!-- Generated by org.testng.reporters.JUnitReportReporter -->
<testsuite hostname="DESKTOP-0TIV48S" failures="0" tests="3" name="mouli_frame.August12_2" time="3.693" errors="0" timestamp="2023-08-18T10:24:56 IST" skipped="0">
  <testcase classname="mouli_frame.August12_2" name="pbanking" time="1.344">
    <system-out>
      <![CDATA[Executing pbanking test]]>
    </system-out>
  </testcase> <!-- pbanking -->
  <testcase classname="mouli_frame.August12_2" name="cbanking" time="1.737">
    <system-out>
      <![CDATA[Executing cbanking test]]>
    </system-out>
  </testcase> <!-- cbanking -->
  <testcase classname="mouli_frame.August12_2" name="ibanking" time="0.612">
    <system-out>
      <![CDATA[Executing ibanking test]]>
    </system-out>
  </testcase> <!-- ibanking -->
  <system-out>
    <![CDATA[Running before suite
Running precondition
Executing cbanking test
Executing ibanking test
Executing pbanking test
Running precondition
107530  Executing Addition Test
Running post condition
Running precondition
824737/56/  Executing division Test
Running post condition
Running precondition
19514922  Executing multiplication Test
Running post condition
Executing Admin test
Executing leave test
Executing pim test
Running postcondition
Running after suite]]>
  </system-out>
</testsuite> <!-- mouli_frame.August12_2 -->
