<?xml version="1.0" encoding="UTF-8"?>
<!-- Generated by org.testng.reporters.JUnitReportReporter -->
<testsuite hostname="DESKTOP-0TIV48S" failures="0" tests="3" name="mouli_frame.SecondtestNG" time="48.650" errors="0" timestamp="2023-08-18T10:24:56 IST" skipped="0">
  <testcase classname="mouli_frame.SecondtestNG" name="multiplication" time="16.389">
    <system-out>
      <![CDATA[19514922  Executing multiplication Test]]>
    </system-out>
  </testcase> <!-- multiplication -->
  <testcase classname="mouli_frame.SecondtestNG" name="Addition" time="15.820">
    <system-out>
      <![CDATA[107530  Executing Addition Test]]>
    </system-out>
  </testcase> <!-- Addition -->
  <testcase classname="mouli_frame.SecondtestNG" name="division" time="16.441">
    <system-out>
      <![CDATA[824737/56/  Executing division Test]]>
    </system-out>
  </testcase> <!-- division -->
  <system-out>
    <![CDATA[Running before suite
Running precondition
Executing cbanking test
Executing ibanking test
Executing pbanking test
Running precondition
107530  Executing Addition Test
Running post condition
Running precondition
824737/56/  Executing division Test
Running post condition
Running precondition
19514922  Executing multiplication Test
Running post condition
Executing Admin test
Executing leave test
Executing pim test
Running postcondition
Running after suite]]>
  </system-out>
</testsuite> <!-- mouli_frame.SecondtestNG -->
