<?xml version="1.0" encoding="UTF-8"?>
<!-- Generated by org.testng.reporters.JUnitReportReporter -->
<testsuite hostname="DESKTOP-0TIV48S" failures="0" tests="3" name="mouli_frame.Thirdtestng" time="4.462" errors="0" timestamp="2023-08-18T10:24:56 IST" skipped="0">
  <testcase classname="mouli_frame.Thirdtestng" name="clickpim" time="2.169">
    <system-out>
      <![CDATA[Executing pim test]]>
    </system-out>
  </testcase> <!-- clickpim -->
  <testcase classname="mouli_frame.Thirdtestng" name="clickleave" time="1.185">
    <system-out>
      <![CDATA[Executing leave test]]>
    </system-out>
  </testcase> <!-- clickleave -->
  <testcase classname="mouli_frame.Thirdtestng" name="clickadmin" time="1.108">
    <system-out>
      <![CDATA[Executing Admin test]]>
    </system-out>
  </testcase> <!-- clickadmin -->
  <system-out>
    <![CDATA[Running before suite
Running precondition
Executing cbanking test
Executing ibanking test
Executing pbanking test
Running precondition
107530  Executing Addition Test
Running post condition
Running precondition
824737/56/  Executing division Test
Running post condition
Running precondition
19514922  Executing multiplication Test
Running post condition
Executing Admin test
Executing leave test
Executing pim test
Running postcondition
Running after suite]]>
  </system-out>
</testsuite> <!-- mouli_frame.Thirdtestng -->
